  MultipleLights.cpp
D:\教材\图形学\OpenGL\LearnOpenGL\MultipleLights\inc\shader_h\shader.h(70,33): warning C4101: “e”: 未引用的局部变量
D:\教材\图形学\OpenGL\LearnOpenGL\MultipleLights\inc\camera_h\camera.h(93,21): warning C4244: “初始化”: 从“double”转换到“float”，可能丢失数据
D:\教材\图形学\OpenGL\LearnOpenGL\MultipleLights\inc\camera_h\camera.h(110,19): warning C4244: “+=”: 从“double”转换到“float”，可能丢失数据
D:\教材\图形学\OpenGL\LearnOpenGL\MultipleLights\inc\camera_h\camera.h(111,21): warning C4244: “+=”: 从“double”转换到“float”，可能丢失数据
D:\教材\图形学\OpenGL\LearnOpenGL\MultipleLights\inc\camera_h\camera.h(121,19): warning C4244: “-=”: 从“double”转换到“float”，可能丢失数据
D:\教材\图形学\OpenGL\LearnOpenGL\MultipleLights\MultipleLights\MultipleLights.cpp(262,24): warning C4244: “=”: 从“double”转换到“float”，可能丢失数据
D:\教材\图形学\OpenGL\LearnOpenGL\MultipleLights\MultipleLights\MultipleLights.cpp(263,15): warning C4244: “=”: 从“double”转换到“float”，可能丢失数据
D:\教材\图形学\OpenGL\LearnOpenGL\MultipleLights\MultipleLights\MultipleLights.cpp(318,52): warning C4305: “参数”: 从“double”到“float”截断
D:\教材\图形学\OpenGL\LearnOpenGL\MultipleLights\MultipleLights\MultipleLights.cpp(319,56): warning C4305: “参数”: 从“double”到“float”截断
D:\教材\图形学\OpenGL\LearnOpenGL\MultipleLights\MultipleLights\MultipleLights.cpp(327,52): warning C4305: “参数”: 从“double”到“float”截断
D:\教材\图形学\OpenGL\LearnOpenGL\MultipleLights\MultipleLights\MultipleLights.cpp(328,56): warning C4305: “参数”: 从“double”到“float”截断
D:\教材\图形学\OpenGL\LearnOpenGL\MultipleLights\MultipleLights\MultipleLights.cpp(336,52): warning C4305: “参数”: 从“double”到“float”截断
D:\教材\图形学\OpenGL\LearnOpenGL\MultipleLights\MultipleLights\MultipleLights.cpp(337,56): warning C4305: “参数”: 从“double”到“float”截断
D:\教材\图形学\OpenGL\LearnOpenGL\MultipleLights\MultipleLights\MultipleLights.cpp(345,52): warning C4305: “参数”: 从“double”到“float”截断
D:\教材\图形学\OpenGL\LearnOpenGL\MultipleLights\MultipleLights\MultipleLights.cpp(346,56): warning C4305: “参数”: 从“double”到“float”截断
D:\教材\图形学\OpenGL\LearnOpenGL\MultipleLights\MultipleLights\MultipleLights.cpp(357,47): warning C4305: “参数”: 从“double”到“float”截断
D:\教材\图形学\OpenGL\LearnOpenGL\MultipleLights\MultipleLights\MultipleLights.cpp(358,51): warning C4305: “参数”: 从“double”到“float”截断
LINK : warning LNK4098: 默认库“MSVCRT”与其他库的使用冲突；请使用 /NODEFAULTLIB:library
  MultipleLights.vcxproj -> D:\教材\图形学\OpenGL\LearnOpenGL\MultipleLights\Debug\MultipleLights.exe
