  Light.cpp
D:\教材\图形学\OpenGL\LearnOpenGL\Light\inc\shader_h\shader.h(70,33): warning C4101: “e”: 未引用的局部变量
D:\教材\图形学\OpenGL\LearnOpenGL\Light\inc\camera_h\camera.h(92,21): warning C4244: “初始化”: 从“double”转换到“float”，可能丢失数据
D:\教材\图形学\OpenGL\LearnOpenGL\Light\inc\camera_h\camera.h(109,19): warning C4244: “+=”: 从“double”转换到“float”，可能丢失数据
D:\教材\图形学\OpenGL\LearnOpenGL\Light\inc\camera_h\camera.h(110,21): warning C4244: “+=”: 从“double”转换到“float”，可能丢失数据
D:\教材\图形学\OpenGL\LearnOpenGL\Light\inc\camera_h\camera.h(120,19): warning C4244: “-=”: 从“double”转换到“float”，可能丢失数据
D:\教材\图形学\OpenGL\LearnOpenGL\Light\Light\Light.cpp(336,24): warning C4244: “=”: 从“double”转换到“float”，可能丢失数据
D:\教材\图形学\OpenGL\LearnOpenGL\Light\Light\Light.cpp(337,15): warning C4244: “=”: 从“double”转换到“float”，可能丢失数据
D:\教材\图形学\OpenGL\LearnOpenGL\Light\Light\Light.cpp(378,26): warning C4244: “=”: 从“double”转换到“T”，可能丢失数据
          with
          [
              T=float
          ]
D:\教材\图形学\OpenGL\LearnOpenGL\Light\Light\Light.cpp(379,26): warning C4244: “=”: 从“double”转换到“T”，可能丢失数据
          with
          [
              T=float
          ]
D:\教材\图形学\OpenGL\LearnOpenGL\Light\Light\Light.cpp(380,26): warning C4244: “=”: 从“double”转换到“T”，可能丢失数据
          with
          [
              T=float
          ]
LINK : warning LNK4098: 默认库“MSVCRT”与其他库的使用冲突；请使用 /NODEFAULTLIB:library
  Light.vcxproj -> D:\教材\图形学\OpenGL\LearnOpenGL\Light\Debug\Light.exe
